#! /usr/bin/vvp
:ivl_version "0.9.7 " "(v0_9_7)";
:vpi_time_precision + 0;
:vpi_module "system";
:vpi_module "v2005_math";
:vpi_module "va_math";
S_0x1e11bf0 .scope module, "Exercicio2" "Exercicio2" 2 41;
 .timescale 0 0;
v0x1e23400_0 .net "clock", 0 0, v0x1e23310_0; 1 drivers
v0x1e234a0_0 .var "p", 0 0;
v0x1e23520_0 .net "p1", 0 0, v0x1e231a0_0; 1 drivers
v0x1e235d0_0 .net "t1", 0 0, v0x1e22ec0_0; 1 drivers
S_0x1e23220 .scope module, "clk" "clock" 2 43, 2 4, S_0x1e11bf0;
 .timescale 0 0;
v0x1e23310_0 .var "clk", 0 0;
S_0x1e22f70 .scope module, "pulse1" "pulse" 2 46, 2 16, S_0x1e11bf0;
 .timescale 0 0;
v0x1e230d0_0 .alias "clock", 0 0, v0x1e23400_0;
v0x1e231a0_0 .var "signal", 0 0;
E_0x1e23060 .event edge, v0x1e22d80_0;
S_0x1e11ce0 .scope module, "trigger1" "trigger" 2 47, 2 29, S_0x1e11bf0;
 .timescale 0 0;
L_0x1e236b0 .functor AND 1, v0x1e23310_0, v0x1e234a0_0, C4<1>, C4<1>;
v0x1dda690_0 .net *"_s1", 0 0, L_0x1e236b0; 1 drivers
v0x1e22d80_0 .alias "clock", 0 0, v0x1e23400_0;
v0x1e22e20_0 .net "on", 0 0, v0x1e234a0_0; 1 drivers
v0x1e22ec0_0 .var "signal", 0 0;
E_0x1dedbc0 .event posedge, L_0x1e236b0;
    .scope S_0x1e23220;
T_0 ;
    %set/v v0x1e23310_0, 0, 1;
    %end;
    .thread T_0;
    .scope S_0x1e23220;
T_1 ;
    %delay 12, 0;
    %load/v 8, v0x1e23310_0, 1;
    %inv 8, 1;
    %set/v v0x1e23310_0, 8, 1;
    %jmp T_1;
    .thread T_1;
    .scope S_0x1e22f70;
T_2 ;
    %wait E_0x1e23060;
    %set/v v0x1e231a0_0, 1, 1;
    %delay 3, 0;
    %set/v v0x1e231a0_0, 0, 1;
    %delay 3, 0;
    %set/v v0x1e231a0_0, 1, 1;
    %delay 3, 0;
    %set/v v0x1e231a0_0, 0, 1;
    %jmp T_2;
    .thread T_2, $push;
    .scope S_0x1e11ce0;
T_3 ;
    %wait E_0x1dedbc0;
    %delay 60, 0;
    %set/v v0x1e22ec0_0, 1, 1;
    %delay 60, 0;
    %set/v v0x1e22ec0_0, 0, 1;
    %jmp T_3;
    .thread T_3;
    .scope S_0x1e11bf0;
T_4 ;
    %set/v v0x1e234a0_0, 0, 1;
    %end;
    .thread T_4;
    .scope S_0x1e11bf0;
T_5 ;
    %vpi_call 2 52 "$dumpfile", "Exercicio_02.vcd";
    %vpi_call 2 53 "$dumpvars", 2'sb01, v0x1e23400_0, v0x1e23520_0, v0x1e234a0_0, v0x1e235d0_0;
    %delay 60, 0;
    %set/v v0x1e234a0_0, 1, 1;
    %delay 120, 0;
    %set/v v0x1e234a0_0, 0, 1;
    %delay 180, 0;
    %set/v v0x1e234a0_0, 1, 1;
    %delay 240, 0;
    %set/v v0x1e234a0_0, 0, 1;
    %delay 300, 0;
    %set/v v0x1e234a0_0, 1, 1;
    %delay 360, 0;
    %set/v v0x1e234a0_0, 0, 1;
    %delay 376, 0;
    %vpi_call 2 60 "$finish";
    %end;
    .thread T_5;
# The file index is used to find the file name in the following table.
:file_names 3;
    "N/A";
    "<interactive>";
    "Exercicio2.v";
