#! /usr/bin/vvp
:ivl_version "0.9.7 " "(v0_9_7)";
:vpi_time_precision + 0;
:vpi_module "system";
:vpi_module "v2005_math";
:vpi_module "va_math";
S_0x23f6860 .scope module, "Exercicio3" "Exercicio3" 2 58;
 .timescale 0 0;
v0x242c220_0 .net "clock", 0 0, v0x242c0f0_0; 1 drivers
v0x242c2c0_0 .net "p1", 0 0, v0x242bf60_0; 1 drivers
v0x242c340_0 .net "p2", 0 0, v0x242bd30_0; 1 drivers
v0x242c3f0_0 .net "p3", 0 0, v0x242ba60_0; 1 drivers
v0x242c4d0_0 .net "p4", 0 0, v0x242b800_0; 1 drivers
S_0x242c000 .scope module, "CLK1" "clock" 2 61, 3 4, S_0x23f6860;
 .timescale 0 0;
v0x242c0f0_0 .var "clk", 0 0;
S_0x242bdd0 .scope module, "pls1" "pulse1" 2 62, 2 5, S_0x23f6860;
 .timescale 0 0;
v0x242bec0_0 .alias "clock", 0 0, v0x242c220_0;
v0x242bf60_0 .var "signal", 0 0;
S_0x242bae0 .scope module, "pls2" "pulse2" 2 63, 2 21, S_0x23f6860;
 .timescale 0 0;
v0x242bc40_0 .alias "clock", 0 0, v0x242c220_0;
v0x242bd30_0 .var "signal", 0 0;
E_0x242bbd0 .event posedge, v0x23e1170_0;
S_0x242b8a0 .scope module, "pls3" "pulse3" 2 64, 2 33, S_0x23f6860;
 .timescale 0 0;
v0x242b990_0 .alias "clock", 0 0, v0x242c220_0;
v0x242ba60_0 .var "signal", 0 0;
S_0x23f6950 .scope module, "pls4" "pulse4" 2 65, 2 45, S_0x23f6860;
 .timescale 0 0;
v0x23e1170_0 .alias "clock", 0 0, v0x242c220_0;
v0x242b800_0 .var "signal", 0 0;
E_0x23f49c0 .event negedge, v0x23e1170_0;
    .scope S_0x242c000;
T_0 ;
    %set/v v0x242c0f0_0, 0, 1;
    %end;
    .thread T_0;
    .scope S_0x242c000;
T_1 ;
    %delay 12, 0;
    %load/v 8, v0x242c0f0_0, 1;
    %inv 8, 1;
    %set/v v0x242c0f0_0, 8, 1;
    %jmp T_1;
    .thread T_1;
    .scope S_0x242bdd0;
T_2 ;
    %wait E_0x242bbd0;
    %set/v v0x242bf60_0, 1, 1;
    %delay 4, 0;
    %set/v v0x242bf60_0, 0, 1;
    %delay 4, 0;
    %set/v v0x242bf60_0, 1, 1;
    %delay 4, 0;
    %set/v v0x242bf60_0, 0, 1;
    %delay 4, 0;
    %set/v v0x242bf60_0, 1, 1;
    %delay 4, 0;
    %set/v v0x242bf60_0, 0, 1;
    %jmp T_2;
    .thread T_2;
    .scope S_0x242bae0;
T_3 ;
    %wait E_0x242bbd0;
    %set/v v0x242bd30_0, 1, 1;
    %delay 5, 0;
    %set/v v0x242bd30_0, 0, 1;
    %jmp T_3;
    .thread T_3;
    .scope S_0x242b8a0;
T_4 ;
    %wait E_0x23f49c0;
    %set/v v0x242ba60_0, 1, 1;
    %delay 15, 0;
    %set/v v0x242ba60_0, 0, 1;
    %delay 15, 0;
    %set/v v0x242ba60_0, 1, 1;
    %jmp T_4;
    .thread T_4;
    .scope S_0x23f6950;
T_5 ;
    %wait E_0x23f49c0;
    %set/v v0x242b800_0, 1, 1;
    %delay 20, 0;
    %set/v v0x242b800_0, 0, 1;
    %delay 20, 0;
    %set/v v0x242b800_0, 1, 1;
    %delay 20, 0;
    %set/v v0x242b800_0, 0, 1;
    %jmp T_5;
    .thread T_5;
    .scope S_0x23f6860;
T_6 ;
    %vpi_call 2 68 "$dumpfile", " Exercicio_3.vcd";
    %vpi_call 2 69 "$dumpvars", 2'sb01, v0x242c220_0, v0x242c2c0_0, v0x242c340_0, v0x242c3f0_0, v0x242c4d0_0;
    %delay 480, 0;
    %vpi_call 2 70 "$finish";
    %end;
    .thread T_6;
# The file index is used to find the file name in the following table.
:file_names 4;
    "N/A";
    "<interactive>";
    "Exercicio3.v";
    "./clock.v";
