#! /usr/bin/vvp
:ivl_version "0.9.7 " "(v0_9_7)";
:vpi_time_precision + 0;
:vpi_module "system";
:vpi_module "v2005_math";
:vpi_module "va_math";
S_0x14a7a30 .scope module, "Exercicio4" "Exercicio4" 2 30;
 .timescale 0 0;
v0x14b58f0_0 .net "clk", 0 0, v0x14b5830_0; 1 drivers
v0x14b59c0_0 .net "clock", 0 0, C4<z>; 0 drivers
v0x14b5a70_0 .net "signal", 0 0, v0x14b56a0_0; 1 drivers
S_0x14b5740 .scope module, "CLK1" "clock" 2 33, 2 4, S_0x14a7a30;
 .timescale 0 0;
v0x14b5830_0 .var "clk", 0 0;
S_0x14a7b20 .scope module, "PULSE1" "pulse" 2 34, 2 16, S_0x14a7a30;
 .timescale 0 0;
v0x1471690_0 .alias "clock", 0 0, v0x14b59c0_0;
v0x14b56a0_0 .var "signal", 0 0;
    .scope S_0x14b5740;
T_0 ;
    %set/v v0x14b5830_0, 0, 1;
    %end;
    .thread T_0;
    .scope S_0x14b5740;
T_1 ;
    %delay 24, 0;
    %load/v 8, v0x14b5830_0, 1;
    %inv 8, 1;
    %set/v v0x14b5830_0, 8, 1;
    %jmp T_1;
    .thread T_1;
    .scope S_0x14a7b20;
T_2 ;
    %set/v v0x14b56a0_0, 1, 1;
    %delay 3, 0;
    %set/v v0x14b56a0_0, 0, 1;
    %delay 3, 0;
    %set/v v0x14b56a0_0, 1, 1;
    %delay 3, 0;
    %set/v v0x14b56a0_0, 0, 1;
    %jmp T_2;
    .thread T_2;
    .scope S_0x14a7a30;
T_3 ;
    %vpi_call 2 36 "$dumpfile", "Exercicio_4.vcd";
    %vpi_call 2 37 "$dumpvars";
    %delay 120, 0;
    %vpi_call 2 38 "$finish";
    %end;
    .thread T_3;
# The file index is used to find the file name in the following table.
:file_names 3;
    "N/A";
    "<interactive>";
    "Exercicio4.v";
