#! /usr/bin/vvp
:ivl_version "0.9.7 " "(v0_9_7)";
:vpi_time_precision + 0;
:vpi_module "system";
:vpi_module "v2005_math";
:vpi_module "va_math";
S_0x256b730 .scope module, "Exercicio5" "Exercicio5" 2 16;
 .timescale 0 0;
v0x25ad7e0_0 .net "clk", 0 0, v0x257d250_0; 1 drivers
S_0x256b820 .scope module, "CLK1" "clock" 2 18, 2 4, S_0x256b730;
 .timescale 0 0;
v0x257d250_0 .var "clk", 0 0;
    .scope S_0x256b820;
T_0 ;
    %set/v v0x257d250_0, 0, 1;
    %end;
    .thread T_0;
    .scope S_0x256b820;
T_1 ;
    %delay 48, 0;
    %load/v 8, v0x257d250_0, 1;
    %inv 8, 1;
    %set/v v0x257d250_0, 8, 1;
    %jmp T_1;
    .thread T_1;
    .scope S_0x256b730;
T_2 ;
    %vpi_call 2 20 "$dumpfile", "Exercicio_05.vcd";
    %vpi_call 2 21 "$dumpvars";
    %delay 120, 0;
    %vpi_call 2 22 "$finish";
    %end;
    .thread T_2;
# The file index is used to find the file name in the following table.
:file_names 3;
    "N/A";
    "<interactive>";
    "Exercicio5.v";
