#! /usr/bin/vvp
:ivl_version "0.9.7 " "(v0_9_7)";
:vpi_time_precision + 0;
:vpi_module "system";
:vpi_module "v2005_math";
:vpi_module "va_math";
S_0xdc2730 .scope module, "Exercicio1" "Exercicio1" 2 17;
 .timescale 0 0;
v0xe047b0_0 .net "clk", 0 0, v0xdd4250_0; 1 drivers
S_0xdc2820 .scope module, "CLK1" "clock" 2 19, 2 4, S_0xdc2730;
 .timescale 0 0;
v0xdd4250_0 .var "clk", 0 0;
    .scope S_0xdc2820;
T_0 ;
    %set/v v0xdd4250_0, 0, 1;
    %end;
    .thread T_0;
    .scope S_0xdc2820;
T_1 ;
    %delay 12, 0;
    %load/v 8, v0xdd4250_0, 1;
    %inv 8, 1;
    %set/v v0xdd4250_0, 8, 1;
    %jmp T_1;
    .thread T_1;
    .scope S_0xdc2730;
T_2 ;
    %vpi_call 2 21 "$dumpfile", "Exercici0_01.vcd";
    %vpi_call 2 22 "$dumpvars";
    %delay 120, 0;
    %vpi_call 2 23 "$finish";
    %end;
    .thread T_2;
# The file index is used to find the file name in the following table.
:file_names 3;
    "N/A";
    "<interactive>";
    "Exercicio1.v";
